<?xml version="1.0" encoding="UTF-8"?>
<!-- Generated by org.testng.reporters.JUnitReportReporter -->
<testsuite hostname="DESKTOP-2DFNCFA" failures="0" tests="1" name="typesOfExecutions.Demo5Test" time="0.003" errors="0" timestamp="2025-09-22T01:03:29 IST" skipped="0">
  <testcase classname="typesOfExecutions.Demo5Test" name="case9" time="0.003"/>
</testsuite> <!-- typesOfExecutions.Demo5Test -->
