<?xml version="1.0" encoding="UTF-8"?>
<!-- Generated by org.testng.reporters.JUnitReportReporter -->
<testsuite hostname="DESKTOP-2DFNCFA" failures="0" tests="3" name="testNg_extra.DataProvider" time="0.047" errors="0" timestamp="2025-09-14T13:11:04 IST" skipped="0">
  <testcase classname="testNg_extra.DataProvider" name="case1" time="0.028"/>
  <testcase classname="testNg_extra.DataProvider" name="case1" time="0.007"/>
  <testcase classname="testNg_extra.DataProvider" name="case1" time="0.012"/>
</testsuite> <!-- testNg_extra.DataProvider -->
