<?xml version="1.0" encoding="UTF-8"?>
<!-- Generated by org.testng.reporters.JUnitReportReporter -->
<testsuite hostname="DESKTOP-2DFNCFA" failures="0" tests="3" name="testNg_extra.LoginFB_InvocationCount" time="13.408" errors="0" timestamp="2025-09-12T10:01:37 IST" skipped="0">
  <testcase classname="testNg_extra.LoginFB_InvocationCount" name="logginInToFaceBook" time="5.264"/>
  <testcase classname="testNg_extra.LoginFB_InvocationCount" name="logginInToFaceBook" time="3.946"/>
  <testcase classname="testNg_extra.LoginFB_InvocationCount" name="logginInToFaceBook" time="4.198"/>
</testsuite> <!-- testNg_extra.LoginFB_InvocationCount -->
