<?xml version="1.0" encoding="UTF-8"?>
<!-- Generated by org.testng.reporters.JUnitReportReporter -->
<testsuite hostname="DESKTOP-2DFNCFA" failures="0" tests="1" name="organization.CreateOrgTest" time="65.842" errors="0" timestamp="2025-09-12T09:27:31 IST" skipped="0">
  <testcase classname="organization.CreateOrgTest" name="createOrgTest" time="65.842"/>
</testsuite> <!-- organization.CreateOrgTest -->
