<?xml version="1.0" encoding="UTF-8"?>
<!-- Generated by org.testng.reporters.JUnitReportReporter -->
<testsuite hostname="DESKTOP-2DFNCFA" failures="0" tests="2" name="typesOfExecutions.Demo4Test" time="0.017" errors="0" timestamp="2025-09-22T01:03:29 IST" skipped="0">
  <testcase classname="typesOfExecutions.Demo4Test" name="case6" time="0.002"/>
  <testcase classname="typesOfExecutions.Demo4Test" name="case5" time="0.015"/>
</testsuite> <!-- typesOfExecutions.Demo4Test -->
