<?xml version="1.0" encoding="UTF-8"?>
<!-- Generated by org.testng.reporters.JUnitReportReporter -->
<testsuite hostname="DESKTOP-2DFNCFA" failures="0" tests="4" name="testNg_extra.SauceDemo" time="20.357" errors="0" timestamp="2025-09-14T13:38:46 IST" skipped="0">
  <testcase classname="testNg_extra.SauceDemo" name="loginToSauceDemo" time="3.291"/>
  <testcase classname="testNg_extra.SauceDemo" name="loginToSauceDemo" time="3.221"/>
  <testcase classname="testNg_extra.SauceDemo" name="loginToSauceDemo" time="9.088"/>
  <testcase classname="testNg_extra.SauceDemo" name="loginToSauceDemo" time="4.757"/>
</testsuite> <!-- testNg_extra.SauceDemo -->
