<?xml version="1.0" encoding="UTF-8"?>
<!-- Generated by org.testng.reporters.JUnitReportReporter -->
<testsuite hostname="DESKTOP-2DFNCFA" failures="0" tests="1" name="typesOfExecutions.Demo3Test" time="23.156" errors="0" timestamp="2025-09-17T09:01:12 IST" skipped="0">
  <testcase classname="typesOfExecutions.Demo3Test" name="case3" time="23.156"/>
</testsuite> <!-- typesOfExecutions.Demo3Test -->
