<?xml version="1.0" encoding="UTF-8"?>
<!-- Generated by org.testng.reporters.JUnitReportReporter -->
<testsuite hostname="DESKTOP-2DFNCFA" failures="0" tests="1" name="typesOfExecutions.Demo2Test" time="16.859" errors="0" timestamp="2025-09-17T09:01:12 IST" skipped="0">
  <testcase classname="typesOfExecutions.Demo2Test" name="case2" time="16.859"/>
</testsuite> <!-- typesOfExecutions.Demo2Test -->
