<?xml version="1.0" encoding="UTF-8"?>
<!-- Generated by org.testng.reporters.JUnitReportReporter -->
<testsuite hostname="DESKTOP-2DFNCFA" failures="0" tests="1" name="testNg_extra.Facebook" time="4.797" errors="0" timestamp="2025-09-19T08:56:12 IST" skipped="0">
  <testcase classname="testNg_extra.Facebook" name="login" time="4.797"/>
</testsuite> <!-- testNg_extra.Facebook -->
