<?xml version="1.0" encoding="UTF-8"?>
<!-- Generated by org.testng.reporters.JUnitReportReporter -->
<testsuite hostname="DESKTOP-2DFNCFA" failures="0" tests="2" name="testNG_Annotations.Vtiger_CRM_Execution" time="0.026" errors="0" timestamp="2025-09-17T09:23:04 IST" skipped="0">
  <testcase classname="testNG_Annotations.Vtiger_CRM_Execution" name="createTicket" time="0.007">
    <system-out>
      <![CDATA[Create trouble tickets]]>
    </system-out>
  </testcase> <!-- createTicket -->
  <testcase classname="testNG_Annotations.Vtiger_CRM_Execution" name="createOrg" time="0.019">
    <system-out>
      <![CDATA[Create Organization]]>
    </system-out>
  </testcase> <!-- createOrg -->
  <system-out>
    <![CDATA[Database connectivity + Report Configuration
PreCondition
Open Browser
Login
Create Organization
Logout
Login
Create trouble tickets
Logout
Close Browser
PostCondition
Database connectivity close + Report Backup]]>
  </system-out>
</testsuite> <!-- testNG_Annotations.Vtiger_CRM_Execution -->
