<?xml version="1.0" encoding="UTF-8"?>
<!-- Generated by org.testng.reporters.JUnitReportReporter -->
<testsuite hostname="DESKTOP-2DFNCFA" failures="0" tests="3" name="testNg_extra.DataProvider" time="0.030" errors="0" timestamp="2025-09-21T07:44:10 IST" skipped="0">
  <testcase classname="testNg_extra.DataProvider" name="case1" time="0.020"/>
  <testcase classname="testNg_extra.DataProvider" name="case1" time="0.004"/>
  <testcase classname="testNg_extra.DataProvider" name="case1" time="0.006"/>
</testsuite> <!-- testNg_extra.DataProvider -->
