<?xml version="1.0" encoding="UTF-8"?>
<!-- Generated by org.testng.reporters.JUnitReportReporter -->
<testsuite hostname="DESKTOP-2DFNCFA" failures="0" tests="3" name="extra.Demo" time="0.019" errors="0" timestamp="2025-09-12T10:04:11 IST" skipped="0">
  <testcase classname="extra.Demo" name="case1" time="0.014">
    <system-out>
      <![CDATA[This is case 1]]>
    </system-out>
  </testcase> <!-- case1 -->
  <testcase classname="extra.Demo" name="case2" time="0.003"/>
  <testcase classname="extra.Demo" name="case3" time="0.002"/>
  <system-out>
    <![CDATA[This is case 1]]>
  </system-out>
</testsuite> <!-- extra.Demo -->
