<?xml version="1.0" encoding="UTF-8"?>
<!-- Generated by org.testng.reporters.JUnitReportReporter -->
<testsuite hostname="DESKTOP-2DFNCFA" failures="0" tests="1" name="typesOfExecutions.Demo1Test" time="19.951" errors="0" timestamp="2025-09-17T09:01:12 IST" skipped="0">
  <testcase classname="typesOfExecutions.Demo1Test" name="case1" time="19.951"/>
</testsuite> <!-- typesOfExecutions.Demo1Test -->
