<?xml version="1.0" encoding="UTF-8"?>
<!-- Generated by org.testng.reporters.JUnitReportReporter -->
<testsuite hostname="DESKTOP-2DFNCFA" failures="0" tests="4" name="testNg_extra.DemoForPriority" time="0.029" errors="0" timestamp="2025-09-22T01:05:16 IST" skipped="0">
  <testcase classname="testNg_extra.DemoForPriority" name="login" time="0.015"/>
  <testcase classname="testNg_extra.DemoForPriority" name="search" time="0.004"/>
  <testcase classname="testNg_extra.DemoForPriority" name="addTocart" time="0.006"/>
  <testcase classname="testNg_extra.DemoForPriority" name="payment" time="0.004"/>
</testsuite> <!-- testNg_extra.DemoForPriority -->
